\BOOKMARK [0][-]{dummy.1}{\376\377\000A\000b\000s\000t\000r\000a\000c\000t}{}% 1
\BOOKMARK [0][-]{dummy.2}{\376\377\000A\000c\000k\000n\000o\000w\000l\000e\000d\000g\000e\000m\000e\000n\000t\000s}{}% 2
\BOOKMARK [0][-]{dummy.5}{\376\377\000L\000i\000s\000t\000\040\000o\000f\000\040\000F\000i\000g\000u\000r\000e\000s}{}% 3
\BOOKMARK [0][-]{dummy.7}{\376\377\000L\000i\000s\000t\000\040\000o\000f\000\040\000T\000a\000b\000l\000e\000s}{}% 4
\BOOKMARK [0][-]{chapter*.9}{\376\377\000A\000b\000b\000r\000e\000v\000i\000a\000t\000i\000o\000n\000s}{}% 5
\BOOKMARK [0][-]{dummy.10}{\376\377\000P\000h\000y\000s\000i\000c\000a\000l\000\040\000C\000o\000n\000s\000t\000a\000n\000t\000s}{}% 6
\BOOKMARK [0][-]{dummy.13}{\376\377\000S\000y\000m\000b\000o\000l\000s}{}% 7
\BOOKMARK [0][-]{chapter.16}{\376\377\0001\000\040\000I\000n\000t\000r\000o\000d\000u\000c\000t\000i\000o\000n}{}% 8
\BOOKMARK [0][-]{chapter.20}{\376\377\0002\000\040\000B\000a\000c\000k\000g\000r\000o\000u\000n\000d\000\040\000k\000n\000o\000w\000l\000e\000d\000g\000e}{}% 9
\BOOKMARK [1][-]{section.21}{\376\377\0002\000.\0001\000\040\000C\000o\000s\000m\000i\000c\000\040\000r\000a\000y\000s}{chapter.20}% 10
\BOOKMARK [1][-]{section.24}{\376\377\0002\000.\0002\000\040\000F\000e\000r\000m\000i\000\040\000L\000a\000r\000g\000e\000\040\000A\000r\000e\000a\000\040\000T\000e\000l\000e\000s\000c\000o\000p\000e\000\040}{chapter.20}% 11
\BOOKMARK [2][-]{subsection.25}{\376\377\0002\000.\0002\000.\0001\000\040\000A\000p\000p\000a\000r\000a\000t\000u\000s}{section.24}% 12
\BOOKMARK [2][-]{subsection.27}{\376\377\0002\000.\0002\000.\0002\000\040\000E\000v\000e\000n\000t\000\040\000r\000e\000c\000o\000n\000s\000t\000r\000u\000c\000t\000i\000o\000n}{section.24}% 13
\BOOKMARK [0][-]{chapter.29}{\376\377\0003\000\040\000L\000i\000t\000e\000r\000a\000t\000u\000r\000e\000\040\000r\000e\000v\000i\000e\000w}{}% 14
\BOOKMARK [0][-]{chapter.30}{\376\377\0004\000\040\000M\000e\000t\000h\000o\000d\000o\000l\000o\000g\000y}{}% 15
\BOOKMARK [1][-]{section.31}{\376\377\0004\000.\0001\000\040\000D\000a\000t\000a\000\040\000s\000e\000t\000s}{chapter.30}% 16
\BOOKMARK [1][-]{section.32}{\376\377\0004\000.\0002\000\040\000F\000l\000u\000x\000\040\000e\000x\000t\000r\000a\000c\000t\000i\000o\000n}{chapter.30}% 17
\BOOKMARK [1][-]{section.41}{\376\377\0004\000.\0003\000\040\000I\000n\000t\000e\000r\000a\000c\000t\000i\000o\000n\000\040\000m\000o\000d\000e\000l}{chapter.30}% 18
\BOOKMARK [1][-]{section.46}{\376\377\0004\000.\0004\000\040\000O\000p\000t\000i\000m\000i\000z\000a\000t\000i\000o\000n}{chapter.30}% 19
\BOOKMARK [1][-]{section.50}{\376\377\0004\000.\0005\000\040\000M\000o\000n\000t\000e\000\040\000C\000a\000r\000l\000o\000\040\000S\000i\000m\000u\000l\000a\000t\000i\000o\000n}{chapter.30}% 20
\BOOKMARK [1][-]{section.53}{\376\377\0004\000.\0006\000\040\000L\000i\000k\000e\000l\000i\000h\000o\000o\000d\000\040\000r\000a\000t\000i\000o\000\040\000t\000e\000s\000t\000\040\000\050\000L\000R\000T\000\051}{chapter.30}% 21
\BOOKMARK [0][-]{chapter.56}{\376\377\0005\000\040\000R\000e\000s\000u\000l\000t\000s\000\040\000a\000n\000d\000\040\000d\000i\000s\000c\000u\000s\000s\000i\000o\000n}{}% 22
\BOOKMARK [1][-]{section.57}{\376\377\0005\000.\0001\000\040\000L\000i\000m\000b\000'\000s\000\040\000a\000n\000g\000l\000e\000\040\000c\000o\000r\000r\000e\000c\000t\000i\000o\000n}{chapter.56}% 23
\BOOKMARK [1][-]{section.59}{\376\377\0005\000.\0002\000\040\000-\000r\000a\000y\000\040\000s\000p\000e\000c\000t\000r\000u\000m}{chapter.56}% 24
\BOOKMARK [1][-]{section.64}{\376\377\0005\000.\0003\000\040\000P\000o\000w\000e\000r\000\040\000l\000a\000w\000\040\000f\000r\000o\000m\000\040\000i\000n\000d\000i\000r\000e\000c\000t\000\040\000m\000e\000a\000s\000u\000r\000e\000m\000e\000n\000t}{chapter.56}% 25
\BOOKMARK [0][-]{chapter.68}{\376\377\0006\000\040\000C\000o\000n\000c\000l\000u\000s\000i\000o\000n}{}% 26
\BOOKMARK [0][-]{appendix.69}{\376\377\000A\000\040\000W\000h\000y\000\040\000w\000e\000\040\000c\000a\000n\000\040\000d\000i\000r\000e\000c\000t\000l\000y\000\040\000s\000u\000b\000t\000r\000a\000c\000t\000\040\000a\000\040\000b\000a\000c\000k\000g\000r\000o\000u\000n\000d\000\040\000p\000h\000o\000t\000o\000n}{}% 27
\BOOKMARK [0][-]{appendix.72}{\376\377\000B\000\040\000P\000o\000w\000e\000r\000\040\000l\000a\000w\000\040\000i\000n\000\040\000e\000n\000e\000r\000g\000y}{}% 28
\BOOKMARK [0][-]{appendix.75}{\376\377\000C\000\040\000D\000e\000r\000i\000v\000a\000t\000i\000o\000n\000\040\000o\000f\000\040\000i\000n\000t\000e\000r\000a\000c\000t\000i\000o\000n\000\040\000m\000o\000d\000e\000l}{}% 29
\BOOKMARK [0][-]{dummy.79}{\376\377\000B\000i\000b\000l\000i\000o\000g\000r\000a\000p\000h\000y}{}% 30
